2025-05-16 15:32:48.008 - Info	
Packing D:\NagaSuresh G\Strava NSM\PCF Control\StravaNSMActivitiesGridPCF_StaticJSON\EmailPCFControl\obj\Debug\Metadata to bin\Debug\EmailPCFControl.zip

2025-05-16 15:33:54.072 - Info	
Packing D:\NagaSuresh G\Strava NSM\PCF Control\StravaNSMActivitiesGridPCF_StaticJSON\EmailPCFControl\obj\Debug\Metadata to bin\Debug\EmailPCFControl.zip

2025-05-16 15:37:26.863 - Info	
Packing D:\NagaSuresh G\Strava NSM\PCF Control\StravaNSMActivitiesGridPCF_StaticJSON\EmailPCFControl\obj\Debug\Metadata to bin\Debug\EmailPCFControl.zip

2025-05-16 15:37:26.868 - Info	Processing Component: Entities
2025-05-16 15:37:26.878 - Info	Processing Component: Roles
2025-05-16 15:37:26.882 - Info	Processing Component: Workflows
2025-05-16 15:37:26.882 - Info	Processing Component: FieldSecurityProfiles
2025-05-16 15:37:26.882 - Info	Processing Component: Templates
2025-05-16 15:37:26.884 - Info	Processing Component: EntityMaps
2025-05-16 15:37:26.885 - Info	Processing Component: EntityRelationships
2025-05-16 15:37:26.888 - Info	Processing Component: OrganizationSettings
2025-05-16 15:37:26.889 - Info	Processing Component: optionsets
2025-05-16 15:37:26.890 - Info	Processing Component: CustomControls
2025-05-16 15:37:26.895 - Info	 - EmailDataSetControlNS.EmailDataSetControl
2025-05-16 15:37:26.900 - Info	Processing Component: SolutionPluginAssemblies
2025-05-16 15:37:26.902 - Info	Processing Component: EntityDataProviders
2025-05-16 15:37:26.906 - Info	Processing Sharded Component Files
2025-05-16 15:37:27.034 - Info	
Managed Pack complete.

2025-05-16 15:38:50.799 - Info	
Packing D:\NagaSuresh G\Strava NSM\PCF Control\StravaNSMActivitiesGridPCF_StaticJSON\EmailPCFControl\obj\Debug\Metadata to bin\Debug\EmailPCFControl.zip

2025-05-16 15:38:50.816 - Info	Processing Component: Entities
2025-05-16 15:38:50.818 - Info	Processing Component: Roles
2025-05-16 15:38:50.821 - Info	Processing Component: Workflows
2025-05-16 15:38:50.821 - Info	Processing Component: FieldSecurityProfiles
2025-05-16 15:38:50.822 - Info	Processing Component: Templates
2025-05-16 15:38:50.822 - Info	Processing Component: EntityMaps
2025-05-16 15:38:50.824 - Info	Processing Component: EntityRelationships
2025-05-16 15:38:50.826 - Info	Processing Component: OrganizationSettings
2025-05-16 15:38:50.826 - Info	Processing Component: optionsets
2025-05-16 15:38:50.827 - Info	Processing Component: CustomControls
2025-05-16 15:38:50.835 - Info	 - EmailDataSetControlNS.EmailDataSetControl
2025-05-16 15:38:50.839 - Info	Processing Component: SolutionPluginAssemblies
2025-05-16 15:38:50.840 - Info	Processing Component: EntityDataProviders
2025-05-16 15:38:50.842 - Info	Processing Sharded Component Files
2025-05-16 15:38:50.963 - Info	
Managed Pack complete.

2025-05-16 15:45:43.263 - Info	
Packing D:\NagaSuresh G\Strava NSM\PCF Control\StravaNSMActivitiesGridPCF_StaticJSON\emailpcfcontrol\obj\Debug\Metadata to bin\Debug\EmailPCFControl.zip

2025-05-16 15:45:43.275 - Info	Processing Component: Entities
2025-05-16 15:45:43.277 - Info	Processing Component: Roles
2025-05-16 15:45:43.279 - Info	Processing Component: Workflows
2025-05-16 15:45:43.279 - Info	Processing Component: FieldSecurityProfiles
2025-05-16 15:45:43.282 - Info	Processing Component: Templates
2025-05-16 15:45:43.283 - Info	Processing Component: EntityMaps
2025-05-16 15:45:43.283 - Info	Processing Component: EntityRelationships
2025-05-16 15:45:43.285 - Info	Processing Component: OrganizationSettings
2025-05-16 15:45:43.286 - Info	Processing Component: optionsets
2025-05-16 15:45:43.286 - Info	Processing Component: CustomControls
2025-05-16 15:45:43.292 - Info	 - EmailDataSetControlNS.EmailDataSetControl
2025-05-16 15:45:43.296 - Info	Processing Component: SolutionPluginAssemblies
2025-05-16 15:45:43.297 - Info	Processing Component: EntityDataProviders
2025-05-16 15:45:43.303 - Info	Processing Sharded Component Files
2025-05-16 15:45:43.422 - Info	
Managed Pack complete.

2025-05-16 15:47:55.881 - Info	
Packing D:\NagaSuresh G\Strava NSM\PCF Control\StravaNSMActivitiesGridPCF_StaticJSON\emailpcfcontrol\obj\Debug\Metadata to bin\Debug\EmailPCFControl.zip

2025-05-16 15:47:55.898 - Info	Processing Component: Entities
2025-05-16 15:47:55.906 - Info	Processing Component: Roles
2025-05-16 15:47:55.910 - Info	Processing Component: Workflows
2025-05-16 15:47:55.911 - Info	Processing Component: FieldSecurityProfiles
2025-05-16 15:47:55.911 - Info	Processing Component: Templates
2025-05-16 15:47:55.912 - Info	Processing Component: EntityMaps
2025-05-16 15:47:55.913 - Info	Processing Component: EntityRelationships
2025-05-16 15:47:55.916 - Info	Processing Component: OrganizationSettings
2025-05-16 15:47:55.917 - Info	Processing Component: optionsets
2025-05-16 15:47:55.917 - Info	Processing Component: CustomControls
2025-05-16 15:47:55.919 - Info	 - EmailDataSetControlNS.EmailDataSetControl
2025-05-16 15:47:55.929 - Info	Processing Component: SolutionPluginAssemblies
2025-05-16 15:47:55.930 - Info	Processing Component: EntityDataProviders
2025-05-16 15:47:55.930 - Info	Processing Sharded Component Files
2025-05-16 15:47:56.050 - Info	
Managed Pack complete.

2025-05-16 18:02:25.987 - Info	
Packing D:\NagaSuresh G\Strava NSM\PCF Control\StravaNSMActivitiesGridPCF_StaticJSON\emailpcfcontrol\obj\Debug\Metadata to bin\Debug\EmailPCFControl.zip

2025-05-16 18:02:26.000 - Info	Processing Component: Entities
2025-05-16 18:02:26.003 - Info	Processing Component: Roles
2025-05-16 18:02:26.005 - Info	Processing Component: Workflows
2025-05-16 18:02:26.006 - Info	Processing Component: FieldSecurityProfiles
2025-05-16 18:02:26.006 - Info	Processing Component: Templates
2025-05-16 18:02:26.008 - Info	Processing Component: EntityMaps
2025-05-16 18:02:26.008 - Info	Processing Component: EntityRelationships
2025-05-16 18:02:26.010 - Info	Processing Component: OrganizationSettings
2025-05-16 18:02:26.011 - Info	Processing Component: optionsets
2025-05-16 18:02:26.011 - Info	Processing Component: CustomControls
2025-05-16 18:02:26.012 - Info	 - EmailDataSetControlNS.EmailDataSetControl
2025-05-16 18:02:26.024 - Info	Processing Component: SolutionPluginAssemblies
2025-05-16 18:02:26.025 - Info	Processing Component: EntityDataProviders
2025-05-16 18:02:26.026 - Info	Processing Sharded Component Files
2025-05-16 18:02:26.169 - Info	
Managed Pack complete.

2025-05-16 18:48:25.476 - Info	
Packing D:\NagaSuresh G\Strava NSM\PCF Control\StravaNSMActivitiesGridPCF_StaticJSON\emailpcfcontrol\obj\Debug\Metadata to bin\Debug\EmailPCFControl.zip

2025-05-16 18:48:25.490 - Info	Processing Component: Entities
2025-05-16 18:48:25.491 - Info	Processing Component: Roles
2025-05-16 18:48:25.494 - Info	Processing Component: Workflows
2025-05-16 18:48:25.494 - Info	Processing Component: FieldSecurityProfiles
2025-05-16 18:48:25.497 - Info	Processing Component: Templates
2025-05-16 18:48:25.498 - Info	Processing Component: EntityMaps
2025-05-16 18:48:25.498 - Info	Processing Component: EntityRelationships
2025-05-16 18:48:25.500 - Info	Processing Component: OrganizationSettings
2025-05-16 18:48:25.501 - Info	Processing Component: optionsets
2025-05-16 18:48:25.501 - Info	Processing Component: CustomControls
2025-05-16 18:48:25.510 - Info	 - EmailDataSetControlNS.EmailDataSetControl
2025-05-16 18:48:25.512 - Info	Processing Component: SolutionPluginAssemblies
2025-05-16 18:48:25.516 - Info	Processing Component: EntityDataProviders
2025-05-16 18:48:25.522 - Info	Processing Sharded Component Files
2025-05-16 18:48:25.673 - Info	
Managed Pack complete.

2025-05-16 19:06:57.464 - Info	
Packing D:\NagaSuresh G\Strava NSM\PCF Control\StravaNSMActivitiesGridPCF_StaticJSON\emailpcfcontrol\obj\Debug\Metadata to bin\Debug\EmailPCFControl.zip

2025-05-16 19:06:57.481 - Info	Processing Component: Entities
2025-05-16 19:06:57.483 - Info	Processing Component: Roles
2025-05-16 19:06:57.488 - Info	Processing Component: Workflows
2025-05-16 19:06:57.488 - Info	Processing Component: FieldSecurityProfiles
2025-05-16 19:06:57.489 - Info	Processing Component: Templates
2025-05-16 19:06:57.490 - Info	Processing Component: EntityMaps
2025-05-16 19:06:57.490 - Info	Processing Component: EntityRelationships
2025-05-16 19:06:57.493 - Info	Processing Component: OrganizationSettings
2025-05-16 19:06:57.494 - Info	Processing Component: optionsets
2025-05-16 19:06:57.496 - Info	Processing Component: CustomControls
2025-05-16 19:06:57.502 - Info	 - EmailDataSetControlNS.EmailDataSetControl
2025-05-16 19:06:57.509 - Info	Processing Component: SolutionPluginAssemblies
2025-05-16 19:06:57.510 - Info	Processing Component: EntityDataProviders
2025-05-16 19:06:57.519 - Info	Processing Sharded Component Files
2025-05-16 19:06:57.725 - Info	
Managed Pack complete.

2025-05-19 15:05:42.995 - Info	
Packing D:\NagaSuresh G\Strava NSM\PCF Control\StravaNSMActivitiesGridPCF_StaticJSON\emailpcfcontrol\obj\Debug\Metadata to bin\Debug\EmailPCFControl.zip

2025-05-19 15:05:43.009 - Info	Processing Component: Entities
2025-05-19 15:05:43.013 - Info	Processing Component: Roles
2025-05-19 15:05:43.014 - Info	Processing Component: Workflows
2025-05-19 15:05:43.014 - Info	Processing Component: FieldSecurityProfiles
2025-05-19 15:05:43.017 - Info	Processing Component: Templates
2025-05-19 15:05:43.017 - Info	Processing Component: EntityMaps
2025-05-19 15:05:43.017 - Info	Processing Component: EntityRelationships
2025-05-19 15:05:43.019 - Info	Processing Component: OrganizationSettings
2025-05-19 15:05:43.021 - Info	Processing Component: optionsets
2025-05-19 15:05:43.021 - Info	Processing Component: CustomControls
2025-05-19 15:05:43.030 - Info	 - EmailDataSetControlNS.EmailDataSetControl
2025-05-19 15:05:43.033 - Info	Processing Component: SolutionPluginAssemblies
2025-05-19 15:05:43.036 - Info	Processing Component: EntityDataProviders
2025-05-19 15:05:43.041 - Info	Processing Sharded Component Files
2025-05-19 15:05:43.187 - Info	
Managed Pack complete.

2025-05-19 18:29:50.076 - Info	
Packing D:\NagaSuresh G\Strava NSM\PCF Control\StravaNSMActivitiesGridPCF_StaticJSON\emailpcfcontrol\obj\Debug\Metadata to bin\Debug\EmailPCFControl.zip

2025-05-19 18:29:50.090 - Info	Processing Component: Entities
2025-05-19 18:29:50.090 - Info	Processing Component: Roles
2025-05-19 18:29:50.090 - Info	Processing Component: Workflows
2025-05-19 18:29:50.090 - Info	Processing Component: FieldSecurityProfiles
2025-05-19 18:29:50.097 - Info	Processing Component: Templates
2025-05-19 18:29:50.098 - Info	Processing Component: EntityMaps
2025-05-19 18:29:50.098 - Info	Processing Component: EntityRelationships
2025-05-19 18:29:50.101 - Info	Processing Component: OrganizationSettings
2025-05-19 18:29:50.102 - Info	Processing Component: optionsets
2025-05-19 18:29:50.102 - Info	Processing Component: CustomControls
2025-05-19 18:29:50.109 - Info	 - EmailDataSetControlNS.EmailDataSetControl
2025-05-19 18:29:50.115 - Info	Processing Component: SolutionPluginAssemblies
2025-05-19 18:29:50.116 - Info	Processing Component: EntityDataProviders
2025-05-19 18:29:50.123 - Info	Processing Sharded Component Files
2025-05-19 18:29:50.290 - Info	
Managed Pack complete.

2025-05-20 10:57:40.218 - Info	
Packing D:\NagaSuresh G\Strava NSM\PCF Control\StravaNSMActivitiesGridPCF_StaticJSON\emailpcfcontrol\obj\Debug\Metadata to bin\Debug\EmailPCFControl.zip

2025-05-20 10:57:40.230 - Info	Processing Component: Entities
2025-05-20 10:57:40.232 - Info	Processing Component: Roles
2025-05-20 10:57:40.235 - Info	Processing Component: Workflows
2025-05-20 10:57:40.235 - Info	Processing Component: FieldSecurityProfiles
2025-05-20 10:57:40.236 - Info	Processing Component: Templates
2025-05-20 10:57:40.236 - Info	Processing Component: EntityMaps
2025-05-20 10:57:40.238 - Info	Processing Component: EntityRelationships
2025-05-20 10:57:40.240 - Info	Processing Component: OrganizationSettings
2025-05-20 10:57:40.240 - Info	Processing Component: optionsets
2025-05-20 10:57:40.241 - Info	Processing Component: CustomControls
2025-05-20 10:57:40.247 - Info	 - EmailDataSetControlNS.EmailDataSetControl
2025-05-20 10:57:40.252 - Info	Processing Component: SolutionPluginAssemblies
2025-05-20 10:57:40.252 - Info	Processing Component: EntityDataProviders
2025-05-20 10:57:40.260 - Info	Processing Sharded Component Files
2025-05-20 10:57:40.440 - Info	
Managed Pack complete.

2025-05-20 15:57:12.357 - Info	
Packing D:\NagaSuresh G\Strava NSM\PCF Control\StravaNSMActivitiesGridPCF_StaticJSON\emailpcfcontrol\obj\Debug\Metadata to bin\Debug\EmailPCFControl.zip

2025-05-20 15:57:12.378 - Info	Processing Component: Entities
2025-05-20 15:57:12.381 - Info	Processing Component: Roles
2025-05-20 15:57:12.381 - Info	Processing Component: Workflows
2025-05-20 15:57:12.381 - Info	Processing Component: FieldSecurityProfiles
2025-05-20 15:57:12.381 - Info	Processing Component: Templates
2025-05-20 15:57:12.387 - Info	Processing Component: EntityMaps
2025-05-20 15:57:12.387 - Info	Processing Component: EntityRelationships
2025-05-20 15:57:12.391 - Info	Processing Component: OrganizationSettings
2025-05-20 15:57:12.393 - Info	Processing Component: optionsets
2025-05-20 15:57:12.393 - Info	Processing Component: CustomControls
2025-05-20 15:57:12.395 - Info	 - EmailDataSetControlNS.EmailDataSetControl
2025-05-20 15:57:12.405 - Info	Processing Component: SolutionPluginAssemblies
2025-05-20 15:57:12.406 - Info	Processing Component: EntityDataProviders
2025-05-20 15:57:12.415 - Info	Processing Sharded Component Files
2025-05-20 15:57:12.569 - Info	
Managed Pack complete.

2025-05-20 17:06:14.778 - Info	
Packing D:\NagaSuresh G\Strava NSM\PCF Control\StravaNSMActivitiesGridPCF_StaticJSON\emailpcfcontrol\obj\Debug\Metadata to bin\Debug\EmailPCFControl.zip

2025-05-20 17:06:14.793 - Info	Processing Component: Entities
2025-05-20 17:06:14.798 - Info	Processing Component: Roles
2025-05-20 17:06:14.800 - Info	Processing Component: Workflows
2025-05-20 17:06:14.800 - Info	Processing Component: FieldSecurityProfiles
2025-05-20 17:06:14.803 - Info	Processing Component: Templates
2025-05-20 17:06:14.804 - Info	Processing Component: EntityMaps
2025-05-20 17:06:14.804 - Info	Processing Component: EntityRelationships
2025-05-20 17:06:14.807 - Info	Processing Component: OrganizationSettings
2025-05-20 17:06:14.808 - Info	Processing Component: optionsets
2025-05-20 17:06:14.808 - Info	Processing Component: CustomControls
2025-05-20 17:06:14.810 - Info	 - EmailDataSetControlNS.EmailDataSetControl
2025-05-20 17:06:14.819 - Info	Processing Component: SolutionPluginAssemblies
2025-05-20 17:06:14.820 - Info	Processing Component: EntityDataProviders
2025-05-20 17:06:14.827 - Info	Processing Sharded Component Files
2025-05-20 17:06:14.985 - Info	
Managed Pack complete.

2025-05-20 18:16:55.075 - Info	
Packing D:\NagaSuresh G\Strava NSM\PCF Control\StravaNSMActivitiesGridPCF_StaticJSON\emailpcfcontrol\obj\Debug\Metadata to bin\Debug\EmailPCFControl.zip

2025-05-20 18:16:55.091 - Info	Processing Component: Entities
2025-05-20 18:16:55.093 - Info	Processing Component: Roles
2025-05-20 18:16:55.096 - Info	Processing Component: Workflows
2025-05-20 18:16:55.096 - Info	Processing Component: FieldSecurityProfiles
2025-05-20 18:16:55.097 - Info	Processing Component: Templates
2025-05-20 18:16:55.098 - Info	Processing Component: EntityMaps
2025-05-20 18:16:55.098 - Info	Processing Component: EntityRelationships
2025-05-20 18:16:55.100 - Info	Processing Component: OrganizationSettings
2025-05-20 18:16:55.101 - Info	Processing Component: optionsets
2025-05-20 18:16:55.102 - Info	Processing Component: CustomControls
2025-05-20 18:16:55.107 - Info	 - EmailDataSetControlNS.EmailDataSetControl
2025-05-20 18:16:55.112 - Info	Processing Component: SolutionPluginAssemblies
2025-05-20 18:16:55.113 - Info	Processing Component: EntityDataProviders
2025-05-20 18:16:55.115 - Info	Processing Sharded Component Files
2025-05-20 18:16:55.278 - Info	
Managed Pack complete.

