2025-05-16 15:32:48.008 - Info	
Packing D:\NagaSuresh G\Strava NSM\PCF Control\StravaNSMActivitiesGridPCF_StaticJSON\EmailPCFControl\obj\Debug\Metadata to bin\Debug\EmailPCFControl.zip

2025-05-16 15:33:54.072 - Info	
Packing D:\NagaSuresh G\Strava NSM\PCF Control\StravaNSMActivitiesGridPCF_StaticJSON\EmailPCFControl\obj\Debug\Metadata to bin\Debug\EmailPCFControl.zip

2025-05-16 15:37:26.863 - Info	
Packing D:\NagaSuresh G\Strava NSM\PCF Control\StravaNSMActivitiesGridPCF_StaticJSON\EmailPCFControl\obj\Debug\Metadata to bin\Debug\EmailPCFControl.zip

2025-05-16 15:37:26.868 - Info	Processing Component: Entities
2025-05-16 15:37:26.878 - Info	Processing Component: Roles
2025-05-16 15:37:26.882 - Info	Processing Component: Workflows
2025-05-16 15:37:26.882 - Info	Processing Component: FieldSecurityProfiles
2025-05-16 15:37:26.882 - Info	Processing Component: Templates
2025-05-16 15:37:26.884 - Info	Processing Component: EntityMaps
2025-05-16 15:37:26.885 - Info	Processing Component: EntityRelationships
2025-05-16 15:37:26.888 - Info	Processing Component: OrganizationSettings
2025-05-16 15:37:26.889 - Info	Processing Component: optionsets
2025-05-16 15:37:26.890 - Info	Processing Component: CustomControls
2025-05-16 15:37:26.895 - Info	 - EmailDataSetControlNS.EmailDataSetControl
2025-05-16 15:37:26.900 - Info	Processing Component: SolutionPluginAssemblies
2025-05-16 15:37:26.902 - Info	Processing Component: EntityDataProviders
2025-05-16 15:37:26.906 - Info	Processing Sharded Component Files
2025-05-16 15:37:27.034 - Info	
Managed Pack complete.

2025-05-16 15:38:50.799 - Info	
Packing D:\NagaSuresh G\Strava NSM\PCF Control\StravaNSMActivitiesGridPCF_StaticJSON\EmailPCFControl\obj\Debug\Metadata to bin\Debug\EmailPCFControl.zip

2025-05-16 15:38:50.816 - Info	Processing Component: Entities
2025-05-16 15:38:50.818 - Info	Processing Component: Roles
2025-05-16 15:38:50.821 - Info	Processing Component: Workflows
2025-05-16 15:38:50.821 - Info	Processing Component: FieldSecurityProfiles
2025-05-16 15:38:50.822 - Info	Processing Component: Templates
2025-05-16 15:38:50.822 - Info	Processing Component: EntityMaps
2025-05-16 15:38:50.824 - Info	Processing Component: EntityRelationships
2025-05-16 15:38:50.826 - Info	Processing Component: OrganizationSettings
2025-05-16 15:38:50.826 - Info	Processing Component: optionsets
2025-05-16 15:38:50.827 - Info	Processing Component: CustomControls
2025-05-16 15:38:50.835 - Info	 - EmailDataSetControlNS.EmailDataSetControl
2025-05-16 15:38:50.839 - Info	Processing Component: SolutionPluginAssemblies
2025-05-16 15:38:50.840 - Info	Processing Component: EntityDataProviders
2025-05-16 15:38:50.842 - Info	Processing Sharded Component Files
2025-05-16 15:38:50.963 - Info	
Managed Pack complete.

2025-05-16 15:45:43.263 - Info	
Packing D:\NagaSuresh G\Strava NSM\PCF Control\StravaNSMActivitiesGridPCF_StaticJSON\emailpcfcontrol\obj\Debug\Metadata to bin\Debug\EmailPCFControl.zip

2025-05-16 15:45:43.275 - Info	Processing Component: Entities
2025-05-16 15:45:43.277 - Info	Processing Component: Roles
2025-05-16 15:45:43.279 - Info	Processing Component: Workflows
2025-05-16 15:45:43.279 - Info	Processing Component: FieldSecurityProfiles
2025-05-16 15:45:43.282 - Info	Processing Component: Templates
2025-05-16 15:45:43.283 - Info	Processing Component: EntityMaps
2025-05-16 15:45:43.283 - Info	Processing Component: EntityRelationships
2025-05-16 15:45:43.285 - Info	Processing Component: OrganizationSettings
2025-05-16 15:45:43.286 - Info	Processing Component: optionsets
2025-05-16 15:45:43.286 - Info	Processing Component: CustomControls
2025-05-16 15:45:43.292 - Info	 - EmailDataSetControlNS.EmailDataSetControl
2025-05-16 15:45:43.296 - Info	Processing Component: SolutionPluginAssemblies
2025-05-16 15:45:43.297 - Info	Processing Component: EntityDataProviders
2025-05-16 15:45:43.303 - Info	Processing Sharded Component Files
2025-05-16 15:45:43.422 - Info	
Managed Pack complete.

2025-05-16 15:47:55.881 - Info	
Packing D:\NagaSuresh G\Strava NSM\PCF Control\StravaNSMActivitiesGridPCF_StaticJSON\emailpcfcontrol\obj\Debug\Metadata to bin\Debug\EmailPCFControl.zip

2025-05-16 15:47:55.898 - Info	Processing Component: Entities
2025-05-16 15:47:55.906 - Info	Processing Component: Roles
2025-05-16 15:47:55.910 - Info	Processing Component: Workflows
2025-05-16 15:47:55.911 - Info	Processing Component: FieldSecurityProfiles
2025-05-16 15:47:55.911 - Info	Processing Component: Templates
2025-05-16 15:47:55.912 - Info	Processing Component: EntityMaps
2025-05-16 15:47:55.913 - Info	Processing Component: EntityRelationships
2025-05-16 15:47:55.916 - Info	Processing Component: OrganizationSettings
2025-05-16 15:47:55.917 - Info	Processing Component: optionsets
2025-05-16 15:47:55.917 - Info	Processing Component: CustomControls
2025-05-16 15:47:55.919 - Info	 - EmailDataSetControlNS.EmailDataSetControl
2025-05-16 15:47:55.929 - Info	Processing Component: SolutionPluginAssemblies
2025-05-16 15:47:55.930 - Info	Processing Component: EntityDataProviders
2025-05-16 15:47:55.930 - Info	Processing Sharded Component Files
2025-05-16 15:47:56.050 - Info	
Managed Pack complete.

2025-05-16 18:02:25.987 - Info	
Packing D:\NagaSuresh G\Strava NSM\PCF Control\StravaNSMActivitiesGridPCF_StaticJSON\emailpcfcontrol\obj\Debug\Metadata to bin\Debug\EmailPCFControl.zip

2025-05-16 18:02:26.000 - Info	Processing Component: Entities
2025-05-16 18:02:26.003 - Info	Processing Component: Roles
2025-05-16 18:02:26.005 - Info	Processing Component: Workflows
2025-05-16 18:02:26.006 - Info	Processing Component: FieldSecurityProfiles
2025-05-16 18:02:26.006 - Info	Processing Component: Templates
2025-05-16 18:02:26.008 - Info	Processing Component: EntityMaps
2025-05-16 18:02:26.008 - Info	Processing Component: EntityRelationships
2025-05-16 18:02:26.010 - Info	Processing Component: OrganizationSettings
2025-05-16 18:02:26.011 - Info	Processing Component: optionsets
2025-05-16 18:02:26.011 - Info	Processing Component: CustomControls
2025-05-16 18:02:26.012 - Info	 - EmailDataSetControlNS.EmailDataSetControl
2025-05-16 18:02:26.024 - Info	Processing Component: SolutionPluginAssemblies
2025-05-16 18:02:26.025 - Info	Processing Component: EntityDataProviders
2025-05-16 18:02:26.026 - Info	Processing Sharded Component Files
2025-05-16 18:02:26.169 - Info	
Managed Pack complete.

2025-05-16 18:48:25.476 - Info	
Packing D:\NagaSuresh G\Strava NSM\PCF Control\StravaNSMActivitiesGridPCF_StaticJSON\emailpcfcontrol\obj\Debug\Metadata to bin\Debug\EmailPCFControl.zip

2025-05-16 18:48:25.490 - Info	Processing Component: Entities
2025-05-16 18:48:25.491 - Info	Processing Component: Roles
2025-05-16 18:48:25.494 - Info	Processing Component: Workflows
2025-05-16 18:48:25.494 - Info	Processing Component: FieldSecurityProfiles
2025-05-16 18:48:25.497 - Info	Processing Component: Templates
2025-05-16 18:48:25.498 - Info	Processing Component: EntityMaps
2025-05-16 18:48:25.498 - Info	Processing Component: EntityRelationships
2025-05-16 18:48:25.500 - Info	Processing Component: OrganizationSettings
2025-05-16 18:48:25.501 - Info	Processing Component: optionsets
2025-05-16 18:48:25.501 - Info	Processing Component: CustomControls
2025-05-16 18:48:25.510 - Info	 - EmailDataSetControlNS.EmailDataSetControl
2025-05-16 18:48:25.512 - Info	Processing Component: SolutionPluginAssemblies
2025-05-16 18:48:25.516 - Info	Processing Component: EntityDataProviders
2025-05-16 18:48:25.522 - Info	Processing Sharded Component Files
2025-05-16 18:48:25.673 - Info	
Managed Pack complete.

2025-05-16 19:06:57.464 - Info	
Packing D:\NagaSuresh G\Strava NSM\PCF Control\StravaNSMActivitiesGridPCF_StaticJSON\emailpcfcontrol\obj\Debug\Metadata to bin\Debug\EmailPCFControl.zip

2025-05-16 19:06:57.481 - Info	Processing Component: Entities
2025-05-16 19:06:57.483 - Info	Processing Component: Roles
2025-05-16 19:06:57.488 - Info	Processing Component: Workflows
2025-05-16 19:06:57.488 - Info	Processing Component: FieldSecurityProfiles
2025-05-16 19:06:57.489 - Info	Processing Component: Templates
2025-05-16 19:06:57.490 - Info	Processing Component: EntityMaps
2025-05-16 19:06:57.490 - Info	Processing Component: EntityRelationships
2025-05-16 19:06:57.493 - Info	Processing Component: OrganizationSettings
2025-05-16 19:06:57.494 - Info	Processing Component: optionsets
2025-05-16 19:06:57.496 - Info	Processing Component: CustomControls
2025-05-16 19:06:57.502 - Info	 - EmailDataSetControlNS.EmailDataSetControl
2025-05-16 19:06:57.509 - Info	Processing Component: SolutionPluginAssemblies
2025-05-16 19:06:57.510 - Info	Processing Component: EntityDataProviders
2025-05-16 19:06:57.519 - Info	Processing Sharded Component Files
2025-05-16 19:06:57.725 - Info	
Managed Pack complete.

2025-05-19 15:05:42.995 - Info	
Packing D:\NagaSuresh G\Strava NSM\PCF Control\StravaNSMActivitiesGridPCF_StaticJSON\emailpcfcontrol\obj\Debug\Metadata to bin\Debug\EmailPCFControl.zip

2025-05-19 15:05:43.009 - Info	Processing Component: Entities
2025-05-19 15:05:43.013 - Info	Processing Component: Roles
2025-05-19 15:05:43.014 - Info	Processing Component: Workflows
2025-05-19 15:05:43.014 - Info	Processing Component: FieldSecurityProfiles
2025-05-19 15:05:43.017 - Info	Processing Component: Templates
2025-05-19 15:05:43.017 - Info	Processing Component: EntityMaps
2025-05-19 15:05:43.017 - Info	Processing Component: EntityRelationships
2025-05-19 15:05:43.019 - Info	Processing Component: OrganizationSettings
2025-05-19 15:05:43.021 - Info	Processing Component: optionsets
2025-05-19 15:05:43.021 - Info	Processing Component: CustomControls
2025-05-19 15:05:43.030 - Info	 - EmailDataSetControlNS.EmailDataSetControl
2025-05-19 15:05:43.033 - Info	Processing Component: SolutionPluginAssemblies
2025-05-19 15:05:43.036 - Info	Processing Component: EntityDataProviders
2025-05-19 15:05:43.041 - Info	Processing Sharded Component Files
2025-05-19 15:05:43.187 - Info	
Managed Pack complete.

2025-05-19 18:29:50.076 - Info	
Packing D:\NagaSuresh G\Strava NSM\PCF Control\StravaNSMActivitiesGridPCF_StaticJSON\emailpcfcontrol\obj\Debug\Metadata to bin\Debug\EmailPCFControl.zip

2025-05-19 18:29:50.090 - Info	Processing Component: Entities
2025-05-19 18:29:50.090 - Info	Processing Component: Roles
2025-05-19 18:29:50.090 - Info	Processing Component: Workflows
2025-05-19 18:29:50.090 - Info	Processing Component: FieldSecurityProfiles
2025-05-19 18:29:50.097 - Info	Processing Component: Templates
2025-05-19 18:29:50.098 - Info	Processing Component: EntityMaps
2025-05-19 18:29:50.098 - Info	Processing Component: EntityRelationships
2025-05-19 18:29:50.101 - Info	Processing Component: OrganizationSettings
2025-05-19 18:29:50.102 - Info	Processing Component: optionsets
2025-05-19 18:29:50.102 - Info	Processing Component: CustomControls
2025-05-19 18:29:50.109 - Info	 - EmailDataSetControlNS.EmailDataSetControl
2025-05-19 18:29:50.115 - Info	Processing Component: SolutionPluginAssemblies
2025-05-19 18:29:50.116 - Info	Processing Component: EntityDataProviders
2025-05-19 18:29:50.123 - Info	Processing Sharded Component Files
2025-05-19 18:29:50.290 - Info	
Managed Pack complete.

2025-05-20 10:57:40.218 - Info	
Packing D:\NagaSuresh G\Strava NSM\PCF Control\StravaNSMActivitiesGridPCF_StaticJSON\emailpcfcontrol\obj\Debug\Metadata to bin\Debug\EmailPCFControl.zip

2025-05-20 10:57:40.230 - Info	Processing Component: Entities
2025-05-20 10:57:40.232 - Info	Processing Component: Roles
2025-05-20 10:57:40.235 - Info	Processing Component: Workflows
2025-05-20 10:57:40.235 - Info	Processing Component: FieldSecurityProfiles
2025-05-20 10:57:40.236 - Info	Processing Component: Templates
2025-05-20 10:57:40.236 - Info	Processing Component: EntityMaps
2025-05-20 10:57:40.238 - Info	Processing Component: EntityRelationships
2025-05-20 10:57:40.240 - Info	Processing Component: OrganizationSettings
2025-05-20 10:57:40.240 - Info	Processing Component: optionsets
2025-05-20 10:57:40.241 - Info	Processing Component: CustomControls
2025-05-20 10:57:40.247 - Info	 - EmailDataSetControlNS.EmailDataSetControl
2025-05-20 10:57:40.252 - Info	Processing Component: SolutionPluginAssemblies
2025-05-20 10:57:40.252 - Info	Processing Component: EntityDataProviders
2025-05-20 10:57:40.260 - Info	Processing Sharded Component Files
2025-05-20 10:57:40.440 - Info	
Managed Pack complete.

2025-05-20 15:57:12.357 - Info	
Packing D:\NagaSuresh G\Strava NSM\PCF Control\StravaNSMActivitiesGridPCF_StaticJSON\emailpcfcontrol\obj\Debug\Metadata to bin\Debug\EmailPCFControl.zip

2025-05-20 15:57:12.378 - Info	Processing Component: Entities
2025-05-20 15:57:12.381 - Info	Processing Component: Roles
2025-05-20 15:57:12.381 - Info	Processing Component: Workflows
2025-05-20 15:57:12.381 - Info	Processing Component: FieldSecurityProfiles
2025-05-20 15:57:12.381 - Info	Processing Component: Templates
2025-05-20 15:57:12.387 - Info	Processing Component: EntityMaps
2025-05-20 15:57:12.387 - Info	Processing Component: EntityRelationships
2025-05-20 15:57:12.391 - Info	Processing Component: OrganizationSettings
2025-05-20 15:57:12.393 - Info	Processing Component: optionsets
2025-05-20 15:57:12.393 - Info	Processing Component: CustomControls
2025-05-20 15:57:12.395 - Info	 - EmailDataSetControlNS.EmailDataSetControl
2025-05-20 15:57:12.405 - Info	Processing Component: SolutionPluginAssemblies
2025-05-20 15:57:12.406 - Info	Processing Component: EntityDataProviders
2025-05-20 15:57:12.415 - Info	Processing Sharded Component Files
2025-05-20 15:57:12.569 - Info	
Managed Pack complete.

2025-05-20 17:06:14.778 - Info	
Packing D:\NagaSuresh G\Strava NSM\PCF Control\StravaNSMActivitiesGridPCF_StaticJSON\emailpcfcontrol\obj\Debug\Metadata to bin\Debug\EmailPCFControl.zip

2025-05-20 17:06:14.793 - Info	Processing Component: Entities
2025-05-20 17:06:14.798 - Info	Processing Component: Roles
2025-05-20 17:06:14.800 - Info	Processing Component: Workflows
2025-05-20 17:06:14.800 - Info	Processing Component: FieldSecurityProfiles
2025-05-20 17:06:14.803 - Info	Processing Component: Templates
2025-05-20 17:06:14.804 - Info	Processing Component: EntityMaps
2025-05-20 17:06:14.804 - Info	Processing Component: EntityRelationships
2025-05-20 17:06:14.807 - Info	Processing Component: OrganizationSettings
2025-05-20 17:06:14.808 - Info	Processing Component: optionsets
2025-05-20 17:06:14.808 - Info	Processing Component: CustomControls
2025-05-20 17:06:14.810 - Info	 - EmailDataSetControlNS.EmailDataSetControl
2025-05-20 17:06:14.819 - Info	Processing Component: SolutionPluginAssemblies
2025-05-20 17:06:14.820 - Info	Processing Component: EntityDataProviders
2025-05-20 17:06:14.827 - Info	Processing Sharded Component Files
2025-05-20 17:06:14.985 - Info	
Managed Pack complete.

2025-05-20 18:16:55.075 - Info	
Packing D:\NagaSuresh G\Strava NSM\PCF Control\StravaNSMActivitiesGridPCF_StaticJSON\emailpcfcontrol\obj\Debug\Metadata to bin\Debug\EmailPCFControl.zip

2025-05-20 18:16:55.091 - Info	Processing Component: Entities
2025-05-20 18:16:55.093 - Info	Processing Component: Roles
2025-05-20 18:16:55.096 - Info	Processing Component: Workflows
2025-05-20 18:16:55.096 - Info	Processing Component: FieldSecurityProfiles
2025-05-20 18:16:55.097 - Info	Processing Component: Templates
2025-05-20 18:16:55.098 - Info	Processing Component: EntityMaps
2025-05-20 18:16:55.098 - Info	Processing Component: EntityRelationships
2025-05-20 18:16:55.100 - Info	Processing Component: OrganizationSettings
2025-05-20 18:16:55.101 - Info	Processing Component: optionsets
2025-05-20 18:16:55.102 - Info	Processing Component: CustomControls
2025-05-20 18:16:55.107 - Info	 - EmailDataSetControlNS.EmailDataSetControl
2025-05-20 18:16:55.112 - Info	Processing Component: SolutionPluginAssemblies
2025-05-20 18:16:55.113 - Info	Processing Component: EntityDataProviders
2025-05-20 18:16:55.115 - Info	Processing Sharded Component Files
2025-05-20 18:16:55.278 - Info	
Managed Pack complete.

2025-05-21 18:00:40.020 - Info	
Packing D:\NagaSuresh G\Strava NSM\PCF Control\StravaNSMActivitiesGridPCF_StaticJSON\emailpcfcontrol\obj\Debug\Metadata to bin\Debug\EmailPCFControl.zip

2025-05-21 18:00:40.034 - Info	Processing Component: Entities
2025-05-21 18:00:40.037 - Info	Processing Component: Roles
2025-05-21 18:00:40.037 - Info	Processing Component: Workflows
2025-05-21 18:00:40.037 - Info	Processing Component: FieldSecurityProfiles
2025-05-21 18:00:40.041 - Info	Processing Component: Templates
2025-05-21 18:00:40.041 - Info	Processing Component: EntityMaps
2025-05-21 18:00:40.042 - Info	Processing Component: EntityRelationships
2025-05-21 18:00:40.044 - Info	Processing Component: OrganizationSettings
2025-05-21 18:00:40.044 - Info	Processing Component: optionsets
2025-05-21 18:00:40.046 - Info	Processing Component: CustomControls
2025-05-21 18:00:40.053 - Info	 - EmailDataSetControlNS.EmailDataSetControl
2025-05-21 18:00:40.058 - Info	Processing Component: SolutionPluginAssemblies
2025-05-21 18:00:40.059 - Info	Processing Component: EntityDataProviders
2025-05-21 18:00:40.065 - Info	Processing Sharded Component Files
2025-05-21 18:00:40.227 - Info	
Managed Pack complete.

2025-05-22 12:15:32.738 - Info	
Packing D:\NagaSuresh G\Strava NSM\PCF Control\StravaNSMActivitiesGridPCF_StaticJSON\emailpcfcontrol\obj\Debug\Metadata to bin\Debug\EmailPCFControl.zip

2025-05-22 12:15:32.754 - Info	Processing Component: Entities
2025-05-22 12:15:32.759 - Info	Processing Component: Roles
2025-05-22 12:15:32.763 - Info	Processing Component: Workflows
2025-05-22 12:15:32.764 - Info	Processing Component: FieldSecurityProfiles
2025-05-22 12:15:32.764 - Info	Processing Component: Templates
2025-05-22 12:15:32.765 - Info	Processing Component: EntityMaps
2025-05-22 12:15:32.766 - Info	Processing Component: EntityRelationships
2025-05-22 12:15:32.769 - Info	Processing Component: OrganizationSettings
2025-05-22 12:15:32.770 - Info	Processing Component: optionsets
2025-05-22 12:15:32.771 - Info	Processing Component: CustomControls
2025-05-22 12:15:32.772 - Info	 - EmailDataSetControlNS.EmailDataSetControl
2025-05-22 12:15:32.782 - Info	Processing Component: SolutionPluginAssemblies
2025-05-22 12:15:32.783 - Info	Processing Component: EntityDataProviders
2025-05-22 12:15:32.786 - Info	Processing Sharded Component Files
2025-05-22 12:15:32.964 - Info	
Managed Pack complete.

2025-05-22 12:21:10.503 - Info	
Packing D:\NagaSuresh G\Strava NSM\PCF Control\StravaNSMActivitiesGridPCF_StaticJSON\emailpcfcontrol\obj\Debug\Metadata to bin\Debug\EmailPCFControl.zip

2025-05-22 12:21:10.518 - Info	Processing Component: Entities
2025-05-22 12:21:10.521 - Info	Processing Component: Roles
2025-05-22 12:21:10.524 - Info	Processing Component: Workflows
2025-05-22 12:21:10.524 - Info	Processing Component: FieldSecurityProfiles
2025-05-22 12:21:10.524 - Info	Processing Component: Templates
2025-05-22 12:21:10.524 - Info	Processing Component: EntityMaps
2025-05-22 12:21:10.524 - Info	Processing Component: EntityRelationships
2025-05-22 12:21:10.535 - Info	Processing Component: OrganizationSettings
2025-05-22 12:21:10.536 - Info	Processing Component: optionsets
2025-05-22 12:21:10.536 - Info	Processing Component: CustomControls
2025-05-22 12:21:10.545 - Info	 - EmailDataSetControlNS.EmailDataSetControl
2025-05-22 12:21:10.552 - Info	Processing Component: SolutionPluginAssemblies
2025-05-22 12:21:10.553 - Info	Processing Component: EntityDataProviders
2025-05-22 12:21:10.560 - Info	Processing Sharded Component Files
2025-05-22 12:21:10.721 - Info	
Managed Pack complete.

2025-05-22 13:01:37.353 - Info	
Packing D:\NagaSuresh G\Strava NSM\PCF Control\StravaNSMActivitiesGridPCF_StaticJSON\emailpcfcontrol\obj\Debug\Metadata to bin\Debug\EmailPCFControl.zip

2025-05-22 13:01:37.373 - Info	Processing Component: Entities
2025-05-22 13:01:37.378 - Info	Processing Component: Roles
2025-05-22 13:01:37.381 - Info	Processing Component: Workflows
2025-05-22 13:01:37.382 - Info	Processing Component: FieldSecurityProfiles
2025-05-22 13:01:37.382 - Info	Processing Component: Templates
2025-05-22 13:01:37.384 - Info	Processing Component: EntityMaps
2025-05-22 13:01:37.384 - Info	Processing Component: EntityRelationships
2025-05-22 13:01:37.387 - Info	Processing Component: OrganizationSettings
2025-05-22 13:01:37.388 - Info	Processing Component: optionsets
2025-05-22 13:01:37.407 - Info	Processing Component: CustomControls
2025-05-22 13:01:37.418 - Info	 - EmailDataSetControlNS.EmailDataSetControl
2025-05-22 13:01:37.423 - Info	Processing Component: SolutionPluginAssemblies
2025-05-22 13:01:37.424 - Info	Processing Component: EntityDataProviders
2025-05-22 13:01:37.431 - Info	Processing Sharded Component Files
2025-05-22 13:01:37.611 - Info	
Managed Pack complete.

2025-05-22 14:15:45.693 - Info	
Packing D:\NagaSuresh G\Strava NSM\PCF Control\StravaNSMActivitiesGridPCF_StaticJSON\emailpcfcontrol\obj\Debug\Metadata to bin\Debug\EmailPCFControl.zip

2025-05-22 14:15:45.710 - Info	Processing Component: Entities
2025-05-22 14:15:45.712 - Info	Processing Component: Roles
2025-05-22 14:15:45.715 - Info	Processing Component: Workflows
2025-05-22 14:15:45.715 - Info	Processing Component: FieldSecurityProfiles
2025-05-22 14:15:45.718 - Info	Processing Component: Templates
2025-05-22 14:15:45.718 - Info	Processing Component: EntityMaps
2025-05-22 14:15:45.718 - Info	Processing Component: EntityRelationships
2025-05-22 14:15:45.725 - Info	Processing Component: OrganizationSettings
2025-05-22 14:15:45.728 - Info	Processing Component: optionsets
2025-05-22 14:15:45.728 - Info	Processing Component: CustomControls
2025-05-22 14:15:45.737 - Info	 - EmailDataSetControlNS.EmailDataSetControl
2025-05-22 14:15:45.742 - Info	Processing Component: SolutionPluginAssemblies
2025-05-22 14:15:45.743 - Info	Processing Component: EntityDataProviders
2025-05-22 14:15:45.749 - Info	Processing Sharded Component Files
2025-05-22 14:15:45.951 - Info	
Managed Pack complete.

2025-05-22 15:19:30.679 - Info	
Packing D:\NagaSuresh G\Strava NSM\PCF Control\StravaNSMActivitiesGridPCF_StaticJSON\emailpcfcontrol\obj\Debug\Metadata to bin\Debug\EmailPCFControl.zip

2025-05-22 15:19:30.695 - Info	Processing Component: Entities
2025-05-22 15:19:30.696 - Info	Processing Component: Roles
2025-05-22 15:19:30.702 - Info	Processing Component: Workflows
2025-05-22 15:19:30.702 - Info	Processing Component: FieldSecurityProfiles
2025-05-22 15:19:30.704 - Info	Processing Component: Templates
2025-05-22 15:19:30.705 - Info	Processing Component: EntityMaps
2025-05-22 15:19:30.709 - Info	Processing Component: EntityRelationships
2025-05-22 15:19:30.712 - Info	Processing Component: OrganizationSettings
2025-05-22 15:19:30.714 - Info	Processing Component: optionsets
2025-05-22 15:19:30.714 - Info	Processing Component: CustomControls
2025-05-22 15:19:30.719 - Info	 - EmailDataSetControlNS.EmailDataSetControl
2025-05-22 15:19:30.728 - Info	Processing Component: SolutionPluginAssemblies
2025-05-22 15:19:30.729 - Info	Processing Component: EntityDataProviders
2025-05-22 15:19:30.735 - Info	Processing Sharded Component Files
2025-05-22 15:19:30.923 - Info	
Managed Pack complete.

2025-05-22 15:46:37.438 - Info	
Packing D:\NagaSuresh G\Strava NSM\PCF Control\StravaNSMActivitiesGridPCF_StaticJSON\emailpcfcontrol\obj\Debug\Metadata to bin\Debug\EmailPCFControl.zip

2025-05-22 15:46:37.456 - Info	Processing Component: Entities
2025-05-22 15:46:37.460 - Info	Processing Component: Roles
2025-05-22 15:46:37.463 - Info	Processing Component: Workflows
2025-05-22 15:46:37.463 - Info	Processing Component: FieldSecurityProfiles
2025-05-22 15:46:37.466 - Info	Processing Component: Templates
2025-05-22 15:46:37.466 - Info	Processing Component: EntityMaps
2025-05-22 15:46:37.467 - Info	Processing Component: EntityRelationships
2025-05-22 15:46:37.469 - Info	Processing Component: OrganizationSettings
2025-05-22 15:46:37.471 - Info	Processing Component: optionsets
2025-05-22 15:46:37.475 - Info	Processing Component: CustomControls
2025-05-22 15:46:37.484 - Info	 - EmailDataSetControlNS.EmailDataSetControl
2025-05-22 15:46:37.487 - Info	Processing Component: SolutionPluginAssemblies
2025-05-22 15:46:37.491 - Info	Processing Component: EntityDataProviders
2025-05-22 15:46:37.496 - Info	Processing Sharded Component Files
2025-05-22 15:46:37.672 - Info	
Managed Pack complete.

2025-05-22 15:48:32.450 - Info	
Packing D:\NagaSuresh G\Strava NSM\PCF Control\StravaNSMActivitiesGridPCF_StaticJSON\emailpcfcontrol\obj\Debug\Metadata to bin\Debug\EmailPCFControl.zip

2025-05-22 15:48:32.466 - Info	Processing Component: Entities
2025-05-22 15:48:32.471 - Info	Processing Component: Roles
2025-05-22 15:48:32.476 - Info	Processing Component: Workflows
2025-05-22 15:48:32.476 - Info	Processing Component: FieldSecurityProfiles
2025-05-22 15:48:32.477 - Info	Processing Component: Templates
2025-05-22 15:48:32.478 - Info	Processing Component: EntityMaps
2025-05-22 15:48:32.479 - Info	Processing Component: EntityRelationships
2025-05-22 15:48:32.482 - Info	Processing Component: OrganizationSettings
2025-05-22 15:48:32.483 - Info	Processing Component: optionsets
2025-05-22 15:48:32.483 - Info	Processing Component: CustomControls
2025-05-22 15:48:32.496 - Info	 - EmailDataSetControlNS.EmailDataSetControl
2025-05-22 15:48:32.504 - Info	Processing Component: SolutionPluginAssemblies
2025-05-22 15:48:32.505 - Info	Processing Component: EntityDataProviders
2025-05-22 15:48:32.515 - Info	Processing Sharded Component Files
2025-05-22 15:48:32.711 - Info	
Managed Pack complete.

2025-05-22 16:40:21.003 - Info	
Packing D:\NagaSuresh G\Strava NSM\PCF Control\StravaNSMActivitiesGridPCF_StaticJSON\emailpcfcontrol\obj\Debug\Metadata to bin\Debug\EmailPCFControl.zip

2025-05-22 16:40:21.032 - Info	Processing Component: Entities
2025-05-22 16:40:21.035 - Info	Processing Component: Roles
2025-05-22 16:40:21.037 - Info	Processing Component: Workflows
2025-05-22 16:40:21.037 - Info	Processing Component: FieldSecurityProfiles
2025-05-22 16:40:21.040 - Info	Processing Component: Templates
2025-05-22 16:40:21.040 - Info	Processing Component: EntityMaps
2025-05-22 16:40:21.041 - Info	Processing Component: EntityRelationships
2025-05-22 16:40:21.050 - Info	Processing Component: OrganizationSettings
2025-05-22 16:40:21.051 - Info	Processing Component: optionsets
2025-05-22 16:40:21.051 - Info	Processing Component: CustomControls
2025-05-22 16:40:21.054 - Info	 - EmailDataSetControlNS.EmailDataSetControl
2025-05-22 16:40:21.065 - Info	Processing Component: SolutionPluginAssemblies
2025-05-22 16:40:21.066 - Info	Processing Component: EntityDataProviders
2025-05-22 16:40:21.074 - Info	Processing Sharded Component Files
2025-05-22 16:40:21.271 - Info	
Managed Pack complete.

2025-05-22 18:44:14.475 - Info	
Packing D:\NagaSuresh G\Strava NSM\PCF Control\StravaNSMActivitiesGridPCF_StaticJSON\emailpcfcontrol\obj\Debug\Metadata to bin\Debug\EmailPCFControl.zip

2025-05-22 18:44:14.490 - Info	Processing Component: Entities
2025-05-22 18:44:14.494 - Info	Processing Component: Roles
2025-05-22 18:44:14.496 - Info	Processing Component: Workflows
2025-05-22 18:44:14.496 - Info	Processing Component: FieldSecurityProfiles
2025-05-22 18:44:14.498 - Info	Processing Component: Templates
2025-05-22 18:44:14.499 - Info	Processing Component: EntityMaps
2025-05-22 18:44:14.499 - Info	Processing Component: EntityRelationships
2025-05-22 18:44:14.502 - Info	Processing Component: OrganizationSettings
2025-05-22 18:44:14.503 - Info	Processing Component: optionsets
2025-05-22 18:44:14.503 - Info	Processing Component: CustomControls
2025-05-22 18:44:14.511 - Info	 - EmailDataSetControlNS.EmailDataSetControl
2025-05-22 18:44:14.515 - Info	Processing Component: SolutionPluginAssemblies
2025-05-22 18:44:14.517 - Info	Processing Component: EntityDataProviders
2025-05-22 18:44:14.524 - Info	Processing Sharded Component Files
2025-05-22 18:44:14.687 - Info	
Managed Pack complete.

2025-05-22 18:49:56.716 - Info	
Packing D:\NagaSuresh G\Strava NSM\PCF Control\StravaNSMActivitiesGridPCF_StaticJSON\emailpcfcontrol\obj\Debug\Metadata to bin\Debug\EmailPCFControl.zip

2025-05-22 18:49:56.748 - Info	Processing Component: Entities
2025-05-22 18:49:56.755 - Info	Processing Component: Roles
2025-05-22 18:49:56.760 - Info	Processing Component: Workflows
2025-05-22 18:49:56.760 - Info	Processing Component: FieldSecurityProfiles
2025-05-22 18:49:56.762 - Info	Processing Component: Templates
2025-05-22 18:49:56.762 - Info	Processing Component: EntityMaps
2025-05-22 18:49:56.763 - Info	Processing Component: EntityRelationships
2025-05-22 18:49:56.772 - Info	Processing Component: OrganizationSettings
2025-05-22 18:49:56.773 - Info	Processing Component: optionsets
2025-05-22 18:49:56.773 - Info	Processing Component: CustomControls
2025-05-22 18:49:56.781 - Info	 - EmailDataSetControlNS.EmailDataSetControl
2025-05-22 18:49:56.787 - Info	Processing Component: SolutionPluginAssemblies
2025-05-22 18:49:56.788 - Info	Processing Component: EntityDataProviders
2025-05-22 18:49:56.793 - Info	Processing Sharded Component Files
2025-05-22 18:49:57.014 - Info	
Managed Pack complete.

2025-05-28 15:29:39.649 - Info	
Packing D:\NagaSuresh G\Strava NSM\PCF Control\StravaNSMActivitiesGridPCF_StaticJSON\emailpcfcontrol\obj\Debug\Metadata to bin\Debug\EmailPCFControl.zip

2025-05-28 15:29:39.666 - Info	Processing Component: Entities
2025-05-28 15:29:39.669 - Info	Processing Component: Roles
2025-05-28 15:29:39.674 - Info	Processing Component: Workflows
2025-05-28 15:29:39.675 - Info	Processing Component: FieldSecurityProfiles
2025-05-28 15:29:39.689 - Info	Processing Component: Templates
2025-05-28 15:29:39.690 - Info	Processing Component: EntityMaps
2025-05-28 15:29:39.690 - Info	Processing Component: EntityRelationships
2025-05-28 15:29:39.693 - Info	Processing Component: OrganizationSettings
2025-05-28 15:29:39.694 - Info	Processing Component: optionsets
2025-05-28 15:29:39.694 - Info	Processing Component: CustomControls
2025-05-28 15:29:39.704 - Info	 - EmailDataSetControlNS.EmailDataSetControl
2025-05-28 15:29:39.710 - Info	Processing Component: SolutionPluginAssemblies
2025-05-28 15:29:39.711 - Info	Processing Component: EntityDataProviders
2025-05-28 15:29:39.720 - Info	Processing Sharded Component Files
2025-05-28 15:29:39.902 - Info	
Managed Pack complete.

2025-05-28 15:46:55.962 - Info	
Packing D:\NagaSuresh G\Strava NSM\PCF Control\StravaNSMActivitiesGridPCF_StaticJSON\emailpcfcontrol\obj\Debug\Metadata to bin\Debug\EmailPCFControl.zip

2025-05-28 15:46:55.974 - Info	Processing Component: Entities
2025-05-28 15:46:55.978 - Info	Processing Component: Roles
2025-05-28 15:46:55.983 - Info	Processing Component: Workflows
2025-05-28 15:46:55.983 - Info	Processing Component: FieldSecurityProfiles
2025-05-28 15:46:55.983 - Info	Processing Component: Templates
2025-05-28 15:46:55.985 - Info	Processing Component: EntityMaps
2025-05-28 15:46:55.986 - Info	Processing Component: EntityRelationships
2025-05-28 15:46:55.989 - Info	Processing Component: OrganizationSettings
2025-05-28 15:46:55.990 - Info	Processing Component: optionsets
2025-05-28 15:46:55.990 - Info	Processing Component: CustomControls
2025-05-28 15:46:55.998 - Info	 - EmailDataSetControlNS.EmailDataSetControl
2025-05-28 15:46:56.003 - Info	Processing Component: SolutionPluginAssemblies
2025-05-28 15:46:56.005 - Info	Processing Component: EntityDataProviders
2025-05-28 15:46:56.011 - Info	Processing Sharded Component Files
2025-05-28 15:46:56.185 - Info	
Managed Pack complete.

2025-05-28 15:49:58.058 - Info	
Packing D:\NagaSuresh G\Strava NSM\PCF Control\StravaNSMActivitiesGridPCF_StaticJSON\emailpcfcontrol\obj\Debug\Metadata to bin\Debug\EmailPCFControl.zip

2025-05-28 15:49:58.077 - Info	Processing Component: Entities
2025-05-28 15:49:58.081 - Info	Processing Component: Roles
2025-05-28 15:49:58.085 - Info	Processing Component: Workflows
2025-05-28 15:49:58.086 - Info	Processing Component: FieldSecurityProfiles
2025-05-28 15:49:58.086 - Info	Processing Component: Templates
2025-05-28 15:49:58.087 - Info	Processing Component: EntityMaps
2025-05-28 15:49:58.088 - Info	Processing Component: EntityRelationships
2025-05-28 15:49:58.092 - Info	Processing Component: OrganizationSettings
2025-05-28 15:49:58.093 - Info	Processing Component: optionsets
2025-05-28 15:49:58.123 - Info	Processing Component: CustomControls
2025-05-28 15:49:58.131 - Info	 - EmailDataSetControlNS.EmailDataSetControl
2025-05-28 15:49:58.139 - Info	Processing Component: SolutionPluginAssemblies
2025-05-28 15:49:58.142 - Info	Processing Component: EntityDataProviders
2025-05-28 15:49:58.150 - Info	Processing Sharded Component Files
2025-05-28 15:49:58.378 - Info	
Managed Pack complete.

2025-05-28 16:00:08.491 - Info	
Packing D:\NagaSuresh G\Strava NSM\PCF Control\StravaNSMActivitiesGridPCF_StaticJSON\emailpcfcontrol\obj\Debug\Metadata to bin\Debug\EmailPCFControl.zip

2025-05-28 16:00:08.507 - Info	Processing Component: Entities
2025-05-28 16:00:08.510 - Info	Processing Component: Roles
2025-05-28 16:00:08.514 - Info	Processing Component: Workflows
2025-05-28 16:00:08.515 - Info	Processing Component: FieldSecurityProfiles
2025-05-28 16:00:08.515 - Info	Processing Component: Templates
2025-05-28 16:00:08.516 - Info	Processing Component: EntityMaps
2025-05-28 16:00:08.517 - Info	Processing Component: EntityRelationships
2025-05-28 16:00:08.519 - Info	Processing Component: OrganizationSettings
2025-05-28 16:00:08.520 - Info	Processing Component: optionsets
2025-05-28 16:00:08.522 - Info	Processing Component: CustomControls
2025-05-28 16:00:08.538 - Info	 - EmailDataSetControlNS.EmailDataSetControl
2025-05-28 16:00:08.544 - Info	Processing Component: SolutionPluginAssemblies
2025-05-28 16:00:08.545 - Info	Processing Component: EntityDataProviders
2025-05-28 16:00:08.554 - Info	Processing Sharded Component Files
2025-05-28 16:00:08.731 - Info	
Managed Pack complete.

2025-05-28 16:58:44.475 - Info	
Packing D:\NagaSuresh G\Strava NSM\PCF Control\StravaNSMActivitiesGridPCF_StaticJSON\emailpcfcontrol\obj\Debug\Metadata to bin\Debug\EmailPCFControl.zip

2025-05-28 16:58:44.488 - Info	Processing Component: Entities
2025-05-28 16:58:44.492 - Info	Processing Component: Roles
2025-05-28 16:58:44.495 - Info	Processing Component: Workflows
2025-05-28 16:58:44.495 - Info	Processing Component: FieldSecurityProfiles
2025-05-28 16:58:44.497 - Info	Processing Component: Templates
2025-05-28 16:58:44.498 - Info	Processing Component: EntityMaps
2025-05-28 16:58:44.498 - Info	Processing Component: EntityRelationships
2025-05-28 16:58:44.501 - Info	Processing Component: OrganizationSettings
2025-05-28 16:58:44.501 - Info	Processing Component: optionsets
2025-05-28 16:58:44.502 - Info	Processing Component: CustomControls
2025-05-28 16:58:44.508 - Info	 - EmailDataSetControlNS.EmailDataSetControl
2025-05-28 16:58:44.515 - Info	Processing Component: SolutionPluginAssemblies
2025-05-28 16:58:44.516 - Info	Processing Component: EntityDataProviders
2025-05-28 16:58:44.522 - Info	Processing Sharded Component Files
2025-05-28 16:58:44.690 - Info	
Managed Pack complete.

2025-05-28 16:59:39.507 - Info	
Packing D:\NagaSuresh G\Strava NSM\PCF Control\StravaNSMActivitiesGridPCF_StaticJSON\emailpcfcontrol\obj\Debug\Metadata to bin\Debug\EmailPCFControl.zip

2025-05-28 16:59:39.523 - Info	Processing Component: Entities
2025-05-28 16:59:39.527 - Info	Processing Component: Roles
2025-05-28 16:59:39.532 - Info	Processing Component: Workflows
2025-05-28 16:59:39.532 - Info	Processing Component: FieldSecurityProfiles
2025-05-28 16:59:39.532 - Info	Processing Component: Templates
2025-05-28 16:59:39.533 - Info	Processing Component: EntityMaps
2025-05-28 16:59:39.533 - Info	Processing Component: EntityRelationships
2025-05-28 16:59:39.536 - Info	Processing Component: OrganizationSettings
2025-05-28 16:59:39.560 - Info	Processing Component: optionsets
2025-05-28 16:59:39.560 - Info	Processing Component: CustomControls
2025-05-28 16:59:39.567 - Info	 - EmailDataSetControlNS.EmailDataSetControl
2025-05-28 16:59:39.573 - Info	Processing Component: SolutionPluginAssemblies
2025-05-28 16:59:39.574 - Info	Processing Component: EntityDataProviders
2025-05-28 16:59:39.582 - Info	Processing Sharded Component Files
2025-05-28 16:59:39.786 - Info	
Managed Pack complete.

2025-05-28 18:54:48.231 - Info	
Packing D:\NagaSuresh G\Strava NSM\PCF Control\StravaNSMEmailsGridPCF_StaticJSON\emailpcfcontrol\obj\Debug\Metadata to bin\Debug\EmailPCFControl.zip

2025-05-28 18:54:48.249 - Info	Processing Component: Entities
2025-05-28 18:54:48.259 - Info	Processing Component: Roles
2025-05-28 18:54:48.263 - Info	Processing Component: Workflows
2025-05-28 18:54:48.264 - Info	Processing Component: FieldSecurityProfiles
2025-05-28 18:54:48.264 - Info	Processing Component: Templates
2025-05-28 18:54:48.265 - Info	Processing Component: EntityMaps
2025-05-28 18:54:48.266 - Info	Processing Component: EntityRelationships
2025-05-28 18:54:48.269 - Info	Processing Component: OrganizationSettings
2025-05-28 18:54:48.270 - Info	Processing Component: optionsets
2025-05-28 18:54:48.271 - Info	Processing Component: CustomControls
2025-05-28 18:54:48.281 - Info	 - EmailDataSetControlNS.EmailDataSetControl
2025-05-28 18:54:48.287 - Info	Processing Component: SolutionPluginAssemblies
2025-05-28 18:54:48.289 - Info	Processing Component: EntityDataProviders
2025-05-28 18:54:48.296 - Info	Processing Sharded Component Files
2025-05-28 18:54:48.500 - Info	
Managed Pack complete.

2025-05-29 10:48:10.365 - Info	
Packing D:\NagaSuresh G\Strava NSM\PCF Control\StravaNSMEmailsGridPCF_StaticJSON\emailpcfcontrol\obj\Debug\Metadata to bin\Debug\EmailPCFControl.zip

2025-05-29 10:48:10.378 - Info	Processing Component: Entities
2025-05-29 10:48:10.382 - Info	Processing Component: Roles
2025-05-29 10:48:10.385 - Info	Processing Component: Workflows
2025-05-29 10:48:10.385 - Info	Processing Component: FieldSecurityProfiles
2025-05-29 10:48:10.386 - Info	Processing Component: Templates
2025-05-29 10:48:10.388 - Info	Processing Component: EntityMaps
2025-05-29 10:48:10.388 - Info	Processing Component: EntityRelationships
2025-05-29 10:48:10.391 - Info	Processing Component: OrganizationSettings
2025-05-29 10:48:10.391 - Info	Processing Component: optionsets
2025-05-29 10:48:10.393 - Info	Processing Component: CustomControls
2025-05-29 10:48:10.399 - Info	 - EmailDataSetControlNS.EmailDataSetControl
2025-05-29 10:48:10.406 - Info	Processing Component: SolutionPluginAssemblies
2025-05-29 10:48:10.407 - Info	Processing Component: EntityDataProviders
2025-05-29 10:48:10.413 - Info	Processing Sharded Component Files
2025-05-29 10:48:10.580 - Info	
Managed Pack complete.

2025-05-29 11:24:11.798 - Info	
Packing D:\NagaSuresh G\Strava NSM\PCF Control\StravaNSMEmailsGridPCF_StaticJSON\emailpcfcontrol\obj\Debug\Metadata to bin\Debug\EmailPCFControl.zip

2025-05-29 11:24:11.819 - Info	Processing Component: Entities
2025-05-29 11:24:11.821 - Info	Processing Component: Roles
2025-05-29 11:24:11.821 - Info	Processing Component: Workflows
2025-05-29 11:24:11.825 - Info	Processing Component: FieldSecurityProfiles
2025-05-29 11:24:11.826 - Info	Processing Component: Templates
2025-05-29 11:24:11.827 - Info	Processing Component: EntityMaps
2025-05-29 11:24:11.827 - Info	Processing Component: EntityRelationships
2025-05-29 11:24:11.830 - Info	Processing Component: OrganizationSettings
2025-05-29 11:24:11.830 - Info	Processing Component: optionsets
2025-05-29 11:24:11.830 - Info	Processing Component: CustomControls
2025-05-29 11:24:11.838 - Info	 - EmailDataSetControlNS.EmailDataSetControl
2025-05-29 11:24:11.841 - Info	Processing Component: SolutionPluginAssemblies
2025-05-29 11:24:11.844 - Info	Processing Component: EntityDataProviders
2025-05-29 11:24:11.850 - Info	Processing Sharded Component Files
2025-05-29 11:24:12.000 - Info	
Managed Pack complete.

2025-05-29 11:33:41.655 - Info	
Packing D:\NagaSuresh G\Strava NSM\PCF Control\StravaNSMEmailsGridPCF_StaticJSON\emailpcfcontrol\obj\Debug\Metadata to bin\Debug\EmailPCFControl.zip

2025-05-29 11:33:41.668 - Info	Processing Component: Entities
2025-05-29 11:33:41.670 - Info	Processing Component: Roles
2025-05-29 11:33:41.674 - Info	Processing Component: Workflows
2025-05-29 11:33:41.674 - Info	Processing Component: FieldSecurityProfiles
2025-05-29 11:33:41.676 - Info	Processing Component: Templates
2025-05-29 11:33:41.677 - Info	Processing Component: EntityMaps
2025-05-29 11:33:41.677 - Info	Processing Component: EntityRelationships
2025-05-29 11:33:41.680 - Info	Processing Component: OrganizationSettings
2025-05-29 11:33:41.681 - Info	Processing Component: optionsets
2025-05-29 11:33:41.681 - Info	Processing Component: CustomControls
2025-05-29 11:33:41.688 - Info	 - EmailDataSetControlNS.EmailDataSetControl
2025-05-29 11:33:41.693 - Info	Processing Component: SolutionPluginAssemblies
2025-05-29 11:33:41.695 - Info	Processing Component: EntityDataProviders
2025-05-29 11:33:41.702 - Info	Processing Sharded Component Files
2025-05-29 11:33:41.851 - Info	
Managed Pack complete.

2025-05-29 11:36:58.652 - Info	
Packing D:\NagaSuresh G\Strava NSM\PCF Control\StravaNSMEmailsGridPCF_StaticJSON\emailpcfcontrol\obj\Debug\Metadata to bin\Debug\EmailPCFControl.zip

2025-05-29 11:36:58.673 - Info	Processing Component: Entities
2025-05-29 11:36:58.682 - Info	Processing Component: Roles
2025-05-29 11:36:58.685 - Info	Processing Component: Workflows
2025-05-29 11:36:58.686 - Info	Processing Component: FieldSecurityProfiles
2025-05-29 11:36:58.686 - Info	Processing Component: Templates
2025-05-29 11:36:58.687 - Info	Processing Component: EntityMaps
2025-05-29 11:36:58.687 - Info	Processing Component: EntityRelationships
2025-05-29 11:36:58.690 - Info	Processing Component: OrganizationSettings
2025-05-29 11:36:58.691 - Info	Processing Component: optionsets
2025-05-29 11:36:58.692 - Info	Processing Component: CustomControls
2025-05-29 11:36:58.697 - Info	 - EmailDataSetControlNS.EmailDataSetControl
2025-05-29 11:36:58.704 - Info	Processing Component: SolutionPluginAssemblies
2025-05-29 11:36:58.705 - Info	Processing Component: EntityDataProviders
2025-05-29 11:36:58.711 - Info	Processing Sharded Component Files
2025-05-29 11:36:58.866 - Info	
Managed Pack complete.

2025-05-29 11:39:36.242 - Info	
Packing D:\NagaSuresh G\Strava NSM\PCF Control\StravaNSMEmailsGridPCF_StaticJSON\emailpcfcontrol\obj\Debug\Metadata to bin\Debug\EmailPCFControl.zip

2025-05-29 11:39:36.260 - Info	Processing Component: Entities
2025-05-29 11:39:36.270 - Info	Processing Component: Roles
2025-05-29 11:39:36.273 - Info	Processing Component: Workflows
2025-05-29 11:39:36.273 - Info	Processing Component: FieldSecurityProfiles
2025-05-29 11:39:36.274 - Info	Processing Component: Templates
2025-05-29 11:39:36.275 - Info	Processing Component: EntityMaps
2025-05-29 11:39:36.276 - Info	Processing Component: EntityRelationships
2025-05-29 11:39:36.278 - Info	Processing Component: OrganizationSettings
2025-05-29 11:39:36.279 - Info	Processing Component: optionsets
2025-05-29 11:39:36.280 - Info	Processing Component: CustomControls
2025-05-29 11:39:36.282 - Info	 - EmailDataSetControlNS.EmailDataSetControl
2025-05-29 11:39:36.290 - Info	Processing Component: SolutionPluginAssemblies
2025-05-29 11:39:36.291 - Info	Processing Component: EntityDataProviders
2025-05-29 11:39:36.293 - Info	Processing Sharded Component Files
2025-05-29 11:39:36.420 - Info	
Managed Pack complete.

